 
****************************************
Report : area
Design : pit_top
Version: G-2012.06-SP2
Date   : Sun Sep 30 06:28:26 2018
****************************************

Information: Updating design information... (UID-85)
Library(s) Used:

    NangateOpenCellLibrary_ss0p95vn40c (File: /home/standard_cell_libraries/NangateOpenCellLibrary_PDKv1_3_v2010_12/lib/Front_End/Liberty/NLDM/NangateOpenCellLibrary_ss0p95vn40c.db)

Number of ports:                           49
Number of nets:                           388
Number of cells:                          312
Number of combinational cells:            250
Number of sequential cells:                62
Number of macros:                           0
Number of buf/inv:                         47
Number of references:                      32

Combinational area:        299.250003
Buf/Inv area:               29.260000
Noncombinational area:     327.446010
Net Interconnect area:      undefined  (Wire load has zero net area)

Total cell area:           626.696012
Total area:                 undefined
1
